<?xml version="1.0" encoding="UTF-8"?><testsuite errors="0" failures="0" name="best.buy.api.studentinfo.ServicesCURDTestWithSteps" skipped="0" tests="4" time="15.91" timestamp="2022-06-07T21:30:31.499+01:00[Europe/London]"><testcase classname="best.buy.api.studentinfo.ServicesCURDTestWithSteps" name="This will create a New Service"/><testcase classname="best.buy.api.studentinfo.ServicesCURDTestWithSteps" name="Verify if the Services was added to the application"/><testcase classname="best.buy.api.studentinfo.ServicesCURDTestWithSteps" name="Update the Services information"/><testcase classname="best.buy.api.studentinfo.ServicesCURDTestWithSteps" name="Delete the Services by ID"/></testsuite>