<?xml version="1.0" encoding="UTF-8"?><testsuite errors="0" failures="0" name="best.buy.api.studentinfo.StoresCURDTestWithSteps" skipped="0" tests="4" time="18.56" timestamp="2022-06-07T21:48:19.074+01:00[Europe/London]"><testcase classname="best.buy.api.studentinfo.StoresCURDTestWithSteps" name="This will create a New Store"/><testcase classname="best.buy.api.studentinfo.StoresCURDTestWithSteps" name="Verify if the Store was added to the application"/><testcase classname="best.buy.api.studentinfo.StoresCURDTestWithSteps" name="Update the Store information"/><testcase classname="best.buy.api.studentinfo.StoresCURDTestWithSteps" name="Delete the Store by ID"/></testsuite>