<?xml version="1.0" encoding="UTF-8"?><testsuite errors="0" failures="0" name="best.buy.api.studentinfo.CategoriesCURDTestWithSteps" skipped="0" tests="4" time="16.59" timestamp="2022-06-07T21:29:02.921+01:00[Europe/London]"><testcase classname="best.buy.api.studentinfo.CategoriesCURDTestWithSteps" name="This will create a New Category"/><testcase classname="best.buy.api.studentinfo.CategoriesCURDTestWithSteps" name="Verify if the Category was added to the application"/><testcase classname="best.buy.api.studentinfo.CategoriesCURDTestWithSteps" name="Update the Category information"/><testcase classname="best.buy.api.studentinfo.CategoriesCURDTestWithSteps" name="Delete the Category by ID"/></testsuite>