<?xml version="1.0" encoding="UTF-8"?><testsuite errors="0" failures="0" name="best.buy.api.studentinfo.ProductCURDTestWithSteps" skipped="0" tests="4" time="15.17" timestamp="2022-06-07T21:28:28.106+01:00[Europe/London]"><testcase classname="best.buy.api.studentinfo.ProductCURDTestWithSteps" name="This will create a New product"/><testcase classname="best.buy.api.studentinfo.ProductCURDTestWithSteps" name="Verify if the Product was added to the application"/><testcase classname="best.buy.api.studentinfo.ProductCURDTestWithSteps" name="Update the product information"/><testcase classname="best.buy.api.studentinfo.ProductCURDTestWithSteps" name="Delete the product by ID"/></testsuite>